F20240720 07:35:21.731976 4127808 RowReaderV2.cpp:139] Check failed: strOffset < data_.size() (1631724123 vs. 52) 
*** Check failure stack trace: ***
*** Aborted at 1721460921 (Unix time, try 'date -d @1721460921') ***
*** Signal 6 (SIGABRT) (0x3efaea) received by PID 4127466 (pthread TID 0x7f9d2bffe640) (linux TID 4127808) (maybe from PID 4127466, UID 0) (code: -6), stack trace: ***
/home/spark/nebula/bin/nebula-storaged(_ZN5folly10symbolizer17getStackTraceSafeEPmm+0x38)[0x2784688]
/home/spark/nebula/bin/nebula-storaged(_ZN5folly10symbolizer21SafeStackTracePrinter15printStackTraceEb+0x28)[0x277b948]
/home/spark/nebula/bin/nebula-storaged[0x2779eb8]
/lib/x86_64-linux-gnu/libc.so.6(+0x4251f)[0x7f9d6719651f]
/lib/x86_64-linux-gnu/libc.so.6(pthread_kill+0x12c)[0x7f9d671eaa7c]
/lib/x86_64-linux-gnu/libc.so.6(raise+0x15)[0x7f9d67196475]
/lib/x86_64-linux-gnu/libc.so.6(abort+0xd2)[0x7f9d6717c7f2]
/home/spark/nebula/bin/nebula-storaged[0x27ac209]
/home/spark/nebula/bin/nebula-storaged[0x27af2fb]
/home/spark/nebula/bin/nebula-storaged[0x27abd48]
/home/spark/nebula/bin/nebula-storaged[0x27af9c8]
/home/spark/nebula/bin/nebula-storaged(_ZNK6nebula11RowReaderV215getValueByIndexEl+0x159)[0x1d57c19]
/home/spark/nebula/bin/nebula-storaged(_ZNK6nebula11RowReaderV214getValueByNameERKNSt7__cxx1112basic_stringIcSt11char_traitsIcESaIcEEE+0x3a)[0x1d58fda]
/home/spark/nebula/bin/nebula-storaged[0x114eecd]
/home/spark/nebula/bin/nebula-storaged[0x114fb39]
/home/spark/nebula/bin/nebula-storaged(_ZN6nebula7storage10QueryUtils18collectVertexPropsEN5folly5RangeIPKcEEmbPNS_16RowReaderWrapperEPKSt6vectorINS0_11PropContextESaISA_EERNS_4ListEPNS0_24StorageExpressionContextERKNSt7__cxx1112basic_stringIcSt11char_traitsIcESaIcEEE+0x377)[0x115d9b7]
/home/spark/nebula/bin/nebula-storaged(_ZZN6nebula7storage14GetTagPropNode9doExecuteEiRKNSt7__cxx1112basic_stringIcSt11char_traitsIcESaIcEEEENKUlN5folly5RangeIPKcEEPNS_16RowReaderWrapperEPKSt6vectorINS0_11PropContextESaISI_EEE1_clESE_SG_SM_+0x60)[0x115deb0]
/home/spark/nebula/bin/nebula-storaged(_ZN6nebula7storage14GetTagPropNode9doExecuteEiRKNSt7__cxx1112basic_stringIcSt11char_traitsIcESaIcEEE+0x3ac)[0x115cdec]
/home/spark/nebula/bin/nebula-storaged(_ZN6nebula7storage7RelNodeINSt7__cxx1112basic_stringIcSt11char_traitsIcESaIcEEEE7executeEiRKS7_+0x33)[0x10f1f23]
/home/spark/nebula/bin/nebula-storaged(_ZN6nebula7storage7RelNodeINSt7__cxx1112basic_stringIcSt11char_traitsIcESaIcEEEE9doExecuteEiRKS7_+0x3d)[0x10f1c5d]
/home/spark/nebula/bin/nebula-storaged(_ZN6nebula7storage7RelNodeINSt7__cxx1112basic_stringIcSt11char_traitsIcESaIcEEEE7executeEiRKS7_+0x33)[0x10f1f23]
/home/spark/nebula/bin/nebula-storaged[0x115151f]
/home/spark/nebula/bin/nebula-storaged[0x115530b]
/home/spark/nebula/bin/nebula-storaged[0x26e62be]
/home/spark/nebula/bin/nebula-storaged(_ZN6apache6thrift11concurrency13ThreadManager4Impl6Worker3runEv+0x266)[0x23cd446]
/home/spark/nebula/bin/nebula-storaged(_ZN6apache6thrift11concurrency13PthreadThread10threadMainEPv+0xcc)[0x23d0c3c]
/lib/x86_64-linux-gnu/libc.so.6(+0x94b42)[0x7f9d671e8b42]
/lib/x86_64-linux-gnu/libc.so.6(+0x1269ff)[0x7f9d6727a9ff]
(safe mode, symbolizer not available)
*** Aborted at 1721461671 (Unix time, try 'date -d @1721461671') ***
*** Signal 11 (SIGSEGV) (0x7fd2759eb05a) received by PID 4130574 (pthread TID 0x7fd27cdfe640) (linux TID 4130938) (code: invalid permissions for mapped object), stack trace: ***
/home/spark/nebula/bin/nebula-storaged(_ZN5folly10symbolizer17getStackTraceSafeEPmm+0x38)[0x2784688]
/home/spark/nebula/bin/nebula-storaged(_ZN5folly10symbolizer21SafeStackTracePrinter15printStackTraceEb+0x28)[0x277b948]
/home/spark/nebula/bin/nebula-storaged[0x2779eb8]
/lib/x86_64-linux-gnu/libc.so.6(+0x4251f)[0x7fd2b7e1f51f]
/lib/x86_64-linux-gnu/libc.so.6(+0x1af540)[0x7fd2b7f8c540]
/home/spark/nebula/bin/nebula-storaged(_ZNK6nebula11RowReaderV215getValueByIndexEl+0xa1e)[0x1d584de]
/home/spark/nebula/bin/nebula-storaged(_ZNK6nebula11RowReaderV214getValueByNameERKNSt7__cxx1112basic_stringIcSt11char_traitsIcESaIcEEE+0x3a)[0x1d58fda]
/home/spark/nebula/bin/nebula-storaged[0x114eecd]
/home/spark/nebula/bin/nebula-storaged[0x114fb39]
/home/spark/nebula/bin/nebula-storaged(_ZN6nebula7storage10QueryUtils18collectVertexPropsEN5folly5RangeIPKcEEmbPNS_16RowReaderWrapperEPKSt6vectorINS0_11PropContextESaISA_EERNS_4ListEPNS0_24StorageExpressionContextERKNSt7__cxx1112basic_stringIcSt11char_traitsIcESaIcEEE+0x377)[0x115d9b7]
/home/spark/nebula/bin/nebula-storaged(_ZZN6nebula7storage14GetTagPropNode9doExecuteEiRKNSt7__cxx1112basic_stringIcSt11char_traitsIcESaIcEEEENKUlN5folly5RangeIPKcEEPNS_16RowReaderWrapperEPKSt6vectorINS0_11PropContextESaISI_EEE1_clESE_SG_SM_+0x60)[0x115deb0]
/home/spark/nebula/bin/nebula-storaged(_ZN6nebula7storage14GetTagPropNode9doExecuteEiRKNSt7__cxx1112basic_stringIcSt11char_traitsIcESaIcEEE+0x3ac)[0x115cdec]
/home/spark/nebula/bin/nebula-storaged(_ZN6nebula7storage7RelNodeINSt7__cxx1112basic_stringIcSt11char_traitsIcESaIcEEEE7executeEiRKS7_+0x33)[0x10f1f23]
/home/spark/nebula/bin/nebula-storaged(_ZN6nebula7storage7RelNodeINSt7__cxx1112basic_stringIcSt11char_traitsIcESaIcEEEE9doExecuteEiRKS7_+0x3d)[0x10f1c5d]
/home/spark/nebula/bin/nebula-storaged(_ZN6nebula7storage7RelNodeINSt7__cxx1112basic_stringIcSt11char_traitsIcESaIcEEEE7executeEiRKS7_+0x33)[0x10f1f23]
/home/spark/nebula/bin/nebula-storaged[0x115151f]
/home/spark/nebula/bin/nebula-storaged[0x115530b]
/home/spark/nebula/bin/nebula-storaged[0x26e62be]
/home/spark/nebula/bin/nebula-storaged(_ZN6apache6thrift11concurrency13ThreadManager4Impl6Worker3runEv+0x266)[0x23cd446]
/home/spark/nebula/bin/nebula-storaged(_ZN6apache6thrift11concurrency13PthreadThread10threadMainEPv+0xcc)[0x23d0c3c]
/lib/x86_64-linux-gnu/libc.so.6(+0x94b42)[0x7fd2b7e71b42]
/lib/x86_64-linux-gnu/libc.so.6(+0x1269ff)[0x7fd2b7f039ff]
(safe mode, symbolizer not available)
*** Aborted at 1721462043 (Unix time, try 'date -d @1721462043') ***
*** Signal 11 (SIGSEGV) (0x7fc224c00000) received by PID 4139558 (pthread TID 0x7fc2267ff640) (linux TID 4139900) (code: address not mapped to object), stack trace: ***
/home/spark/nebula/bin/nebula-storaged(_ZN5folly10symbolizer17getStackTraceSafeEPmm+0x38)[0x2784688]
/home/spark/nebula/bin/nebula-storaged(_ZN5folly10symbolizer21SafeStackTracePrinter15printStackTraceEb+0x28)[0x277b948]
/home/spark/nebula/bin/nebula-storaged[0x2779eb8]
/lib/x86_64-linux-gnu/libc.so.6(+0x4251f)[0x7fc2678c151f]
/lib/x86_64-linux-gnu/libc.so.6(+0x1af572)[0x7fc267a2e572]
/home/spark/nebula/bin/nebula-storaged(_ZNK6nebula11RowReaderV215getValueByIndexEl+0xa1e)[0x1d584de]
/home/spark/nebula/bin/nebula-storaged(_ZNK6nebula11RowReaderV214getValueByNameERKNSt7__cxx1112basic_stringIcSt11char_traitsIcESaIcEEE+0x3a)[0x1d58fda]
/home/spark/nebula/bin/nebula-storaged[0x114eecd]
/home/spark/nebula/bin/nebula-storaged[0x114fb39]
/home/spark/nebula/bin/nebula-storaged(_ZN6nebula7storage10QueryUtils18collectVertexPropsEN5folly5RangeIPKcEEmbPNS_16RowReaderWrapperEPKSt6vectorINS0_11PropContextESaISA_EERNS_4ListEPNS0_24StorageExpressionContextERKNSt7__cxx1112basic_stringIcSt11char_traitsIcESaIcEEE+0x377)[0x115d9b7]
/home/spark/nebula/bin/nebula-storaged(_ZZN6nebula7storage14GetTagPropNode9doExecuteEiRKNSt7__cxx1112basic_stringIcSt11char_traitsIcESaIcEEEENKUlN5folly5RangeIPKcEEPNS_16RowReaderWrapperEPKSt6vectorINS0_11PropContextESaISI_EEE1_clESE_SG_SM_+0x60)[0x115deb0]
/home/spark/nebula/bin/nebula-storaged(_ZN6nebula7storage14GetTagPropNode9doExecuteEiRKNSt7__cxx1112basic_stringIcSt11char_traitsIcESaIcEEE+0x3ac)[0x115cdec]
/home/spark/nebula/bin/nebula-storaged(_ZN6nebula7storage7RelNodeINSt7__cxx1112basic_stringIcSt11char_traitsIcESaIcEEEE7executeEiRKS7_+0x33)[0x10f1f23]
/home/spark/nebula/bin/nebula-storaged(_ZN6nebula7storage7RelNodeINSt7__cxx1112basic_stringIcSt11char_traitsIcESaIcEEEE9doExecuteEiRKS7_+0x3d)[0x10f1c5d]
/home/spark/nebula/bin/nebula-storaged(_ZN6nebula7storage7RelNodeINSt7__cxx1112basic_stringIcSt11char_traitsIcESaIcEEEE7executeEiRKS7_+0x33)[0x10f1f23]
/home/spark/nebula/bin/nebula-storaged[0x115151f]
/home/spark/nebula/bin/nebula-storaged[0x115530b]
/home/spark/nebula/bin/nebula-storaged[0x26e62be]
/home/spark/nebula/bin/nebula-storaged(_ZN6apache6thrift11concurrency13ThreadManager4Impl6Worker3runEv+0x266)[0x23cd446]
/home/spark/nebula/bin/nebula-storaged(_ZN6apache6thrift11concurrency13PthreadThread10threadMainEPv+0xcc)[0x23d0c3c]
/lib/x86_64-linux-gnu/libc.so.6(+0x94b42)[0x7fc267913b42]
/lib/x86_64-linux-gnu/libc.so.6(+0x1269ff)[0x7fc2679a59ff]
(safe mode, symbolizer not available)
